# JRE version: Java(TM) SE Runtime Environment (8.0_181-b13) (build 1.8.0_181-b13)
# Java VM: Java HotSpot(TM) 64-Bit Server VM (25.181-b13 mixed mode windows-amd64 compressed oops)
Heap:
 PSYoungGen      total 268288K, used 67311K [0x00000000d5980000, 0x00000000e6980000, 0x0000000100000000)
  eden space 262656K, 23% used [0x00000000d5980000,0x00000000d95bf168,0x00000000e5a00000)
  from space 5632K, 99% used [0x00000000e6100000,0x00000000e667ccb8,0x00000000e6680000)
  to   space 7168K, 0% used [0x00000000e5a00000,0x00000000e5a00000,0x00000000e6100000)
 ParOldGen       total 87552K, used 4403K [0x0000000080c00000, 0x0000000086180000, 0x00000000d5980000)
  object space 87552K, 5% used [0x0000000080c00000,0x000000008104ce48,0x0000000086180000)
 Metaspace       used 10651K, capacity 10847K, committed 11008K, reserved 1058816K
  class space    used 871K, capacity 947K, committed 1024K, reserved 1048576K
GC Heap History (10 events):
Event: 1.891 GC heap before
{Heap before GC invocations=4 (full 0):
 PSYoungGen      total 38400K, used 36066K [0x00000000d5980000, 0x00000000da480000, 0x0000000100000000)
  eden space 33280K, 100% used [0x00000000d5980000,0x00000000d7a00000,0x00000000d7a00000)
  from space 5120K, 54% used [0x00000000d7a00000,0x00000000d7cb8980,0x00000000d7f00000)
  to   space 5120K, 0% used [0x00000000d9f80000,0x00000000d9f80000,0x00000000da480000)
 ParOldGen       total 87552K, used 24K [0x0000000080c00000, 0x0000000086180000, 0x00000000d5980000)
  object space 87552K, 0% used [0x0000000080c00000,0x0000000080c06000,0x0000000086180000)
 Metaspace       used 10069K, capacity 10223K, committed 10496K, reserved 1058816K
  class space    used 832K, capacity 909K, committed 1024K, reserved 1048576K
Event: 1.895 GC heap after
Heap after GC invocations=4 (full 0):
 PSYoungGen      total 71680K, used 3053K [0x00000000d5980000, 0x00000000da480000, 0x0000000100000000)
  eden space 66560K, 0% used [0x00000000d5980000,0x00000000d5980000,0x00000000d9a80000)
  from space 5120K, 59% used [0x00000000d9f80000,0x00000000da27b508,0x00000000da480000)
  to   space 5120K, 0% used [0x00000000d9a80000,0x00000000d9a80000,0x00000000d9f80000)
 ParOldGen       total 87552K, used 24K [0x0000000080c00000, 0x0000000086180000, 0x00000000d5980000)
  object space 87552K, 0% used [0x0000000080c00000,0x0000000080c06000,0x0000000086180000)
 Metaspace       used 10069K, capacity 10223K, committed 10496K, reserved 1058816K
  class space    used 832K, capacity 909K, committed 1024K, reserved 1048576K
}
Event: 1.948 GC heap before
{Heap before GC invocations=5 (full 0):
 PSYoungGen      total 71680K, used 69613K [0x00000000d5980000, 0x00000000da480000, 0x0000000100000000)
  eden space 66560K, 100% used [0x00000000d5980000,0x00000000d9a80000,0x00000000d9a80000)
  from space 5120K, 59% used [0x00000000d9f80000,0x00000000da27b508,0x00000000da480000)
  to   space 5120K, 0% used [0x00000000d9a80000,0x00000000d9a80000,0x00000000d9f80000)
 ParOldGen       total 87552K, used 24K [0x0000000080c00000, 0x0000000086180000, 0x00000000d5980000)
  object space 87552K, 0% used [0x0000000080c00000,0x0000000080c06000,0x0000000086180000)
 Metaspace       used 10070K, capacity 10223K, committed 10496K, reserved 1058816K
  class space    used 832K, capacity 909K, committed 1024K, reserved 1048576K
Event: 1.952 GC heap after
Heap after GC invocations=5 (full 0):
 PSYoungGen      total 71680K, used 3956K [0x00000000d5980000, 0x00000000de480000, 0x0000000100000000)
  eden space 66560K, 0% used [0x00000000d5980000,0x00000000d5980000,0x00000000d9a80000)
  from space 5120K, 77% used [0x00000000d9a80000,0x00000000d9e5d128,0x00000000d9f80000)
  to   space 4608K, 0% used [0x00000000de000000,0x00000000de000000,0x00000000de480000)
 ParOldGen       total 87552K, used 32K [0x0000000080c00000, 0x0000000086180000, 0x00000000d5980000)
  object space 87552K, 0% used [0x0000000080c00000,0x0000000080c08000,0x0000000086180000)
 Metaspace       used 10070K, capacity 10223K, committed 10496K, reserved 1058816K
  class space    used 832K, capacity 909K, committed 1024K, reserved 1048576K
}
Event: 1.984 GC heap before
{Heap before GC invocations=6 (full 0):
 PSYoungGen      total 71680K, used 70516K [0x00000000d5980000, 0x00000000de480000, 0x0000000100000000)
  eden space 66560K, 100% used [0x00000000d5980000,0x00000000d9a80000,0x00000000d9a80000)
  from space 5120K, 77% used [0x00000000d9a80000,0x00000000d9e5d128,0x00000000d9f80000)
  to   space 4608K, 0% used [0x00000000de000000,0x00000000de000000,0x00000000de480000)
 ParOldGen       total 87552K, used 32K [0x0000000080c00000, 0x0000000086180000, 0x00000000d5980000)
  object space 87552K, 0% used [0x0000000080c00000,0x0000000080c08000,0x0000000086180000)
 Metaspace       used 10080K, capacity 10223K, committed 10496K, reserved 1058816K
  class space    used 832K, capacity 909K, committed 1024K, reserved 1048576K
Event: 1.988 GC heap after
Heap after GC invocations=6 (full 0):
 PSYoungGen      total 136704K, used 4594K [0x00000000d5980000, 0x00000000de680000, 0x0000000100000000)
  eden space 132096K, 0% used [0x00000000d5980000,0x00000000d5980000,0x00000000dda80000)
  from space 4608K, 99% used [0x00000000de000000,0x00000000de47cad0,0x00000000de480000)
  to   space 5632K, 0% used [0x00000000dda80000,0x00000000dda80000,0x00000000de000000)
 ParOldGen       total 87552K, used 72K [0x0000000080c00000, 0x0000000086180000, 0x00000000d5980000)
  object space 87552K, 0% used [0x0000000080c00000,0x0000000080c12000,0x0000000086180000)
 Metaspace       used 10080K, capacity 10223K, committed 10496K, reserved 1058816K
  class space    used 832K, capacity 909K, committed 1024K, reserved 1048576K
}
Event: 2.078 GC heap before
{Heap before GC invocations=7 (full 0):
 PSYoungGen      total 136704K, used 136690K [0x00000000d5980000, 0x00000000de680000, 0x0000000100000000)
  eden space 132096K, 100% used [0x00000000d5980000,0x00000000dda80000,0x00000000dda80000)
  from space 4608K, 99% used [0x00000000de000000,0x00000000de47cad0,0x00000000de480000)
  to   space 5632K, 0% used [0x00000000dda80000,0x00000000dda80000,0x00000000de000000)
 ParOldGen       total 87552K, used 72K [0x0000000080c00000, 0x0000000086180000, 0x00000000d5980000)
  object space 87552K, 0% used [0x0000000080c00000,0x0000000080c12000,0x0000000086180000)
 Metaspace       used 10084K, capacity 10223K, committed 10496K, reserved 1058816K
  class space    used 832K, capacity 909K, committed 1024K, reserved 1048576K
Event: 2.084 GC heap after
Heap after GC invocations=7 (full 0):
 PSYoungGen      total 137728K, used 4641K [0x00000000d5980000, 0x00000000e6680000, 0x0000000100000000)
  eden space 132096K, 0% used [0x00000000d5980000,0x00000000d5980000,0x00000000dda80000)
  from space 5632K, 82% used [0x00000000dda80000,0x00000000ddf084f0,0x00000000de000000)
  to   space 5632K, 0% used [0x00000000e6100000,0x00000000e6100000,0x00000000e6680000)
 ParOldGen       total 87552K, used 2488K [0x0000000080c00000, 0x0000000086180000, 0x00000000d5980000)
  object space 87552K, 2% used [0x0000000080c00000,0x0000000080e6e030,0x0000000086180000)
 Metaspace       used 10084K, capacity 10223K, committed 10496K, reserved 1058816K
  class space    used 832K, capacity 909K, committed 1024K, reserved 1048576K
}
Event: 2.160 GC heap before
{Heap before GC invocations=8 (full 0):
 PSYoungGen      total 137728K, used 136737K [0x00000000d5980000, 0x00000000e6680000, 0x0000000100000000)
  eden space 132096K, 100% used [0x00000000d5980000,0x00000000dda80000,0x00000000dda80000)
  from space 5632K, 82% used [0x00000000dda80000,0x00000000ddf084f0,0x00000000de000000)
  to   space 5632K, 0% used [0x00000000e6100000,0x00000000e6100000,0x00000000e6680000)
 ParOldGen       total 87552K, used 2488K [0x0000000080c00000, 0x0000000086180000, 0x00000000d5980000)
  object space 87552K, 2% used [0x0000000080c00000,0x0000000080e6e030,0x0000000086180000)
 Metaspace       used 10084K, capacity 10223K, committed 10496K, reserved 1058816K
  class space    used 832K, capacity 909K, committed 1024K, reserved 1048576K
Event: 2.170 GC heap after
Heap after GC invocations=8 (full 0):
 PSYoungGen      total 268288K, used 5619K [0x00000000d5980000, 0x00000000e6980000, 0x0000000100000000)
  eden space 262656K, 0% used [0x00000000d5980000,0x00000000d5980000,0x00000000e5a00000)
  from space 5632K, 99% used [0x00000000e6100000,0x00000000e667ccb8,0x00000000e6680000)
  to   space 7168K, 0% used [0x00000000e5a00000,0x00000000e5a00000,0x00000000e6100000)
 ParOldGen       total 87552K, used 4403K [0x0000000080c00000, 0x0000000086180000, 0x00000000d5980000)
  object space 87552K, 5% used [0x0000000080c00000,0x000000008104ce48,0x0000000086180000)
 Metaspace       used 10084K, capacity 10223K, committed 10496K, reserved 1058816K
  class space    used 832K, capacity 909K, committed 1024K, reserved 1048576K
}

